2021-12-11 13:55:09.689 | INFO     | __main__:<module>:58 - Model has 4320897 parameters
2021-12-11 13:56:37.659 | INFO     | __main__:<module>:133 - train loss: 0.646156659424305
2021-12-11 13:56:37.660 | INFO     | __main__:<module>:134 - train jaccard: 0.6025714474916458
2021-12-11 13:56:37.660 | INFO     | __main__:<module>:135 - val loss: 0.5268987552324931
2021-12-11 13:56:37.660 | INFO     | __main__:<module>:136 - val jaccard: 0.6248527081807455
2021-12-11 13:56:37.662 | INFO     | utils:save_model_weights:62 - Saving weights to outputs/CCD.pt
2021-12-11 13:56:38.552 | INFO     | __main__:<module>:151 - Epoch 0 ended, time taken 01 min 28 sec

2021-12-11 13:58:06.391 | INFO     | __main__:<module>:133 - train loss: 0.5393086003512144
2021-12-11 13:58:06.392 | INFO     | __main__:<module>:134 - train jaccard: 0.6409270222485065
2021-12-11 13:58:06.392 | INFO     | __main__:<module>:135 - val loss: 0.523718799551328
2021-12-11 13:58:06.392 | INFO     | __main__:<module>:136 - val jaccard: 0.6284633954366048
2021-12-11 13:58:06.393 | INFO     | utils:save_model_weights:62 - Saving weights to outputs/CCD.pt
2021-12-11 13:58:07.038 | INFO     | __main__:<module>:151 - Epoch 1 ended, time taken 01 min 28 sec

2021-12-11 13:59:34.918 | INFO     | __main__:<module>:133 - train loss: 0.510736341252923
2021-12-11 13:59:34.919 | INFO     | __main__:<module>:134 - train jaccard: 0.6261785435676575
2021-12-11 13:59:34.919 | INFO     | __main__:<module>:135 - val loss: 0.5578641221920649
2021-12-11 13:59:34.919 | INFO     | __main__:<module>:136 - val jaccard: 0.6408451652526855
2021-12-11 13:59:34.920 | INFO     | __main__:<module>:151 - Epoch 2 ended, time taken 01 min 27 sec

2021-12-11 14:01:03.828 | INFO     | __main__:<module>:133 - train loss: 0.5294119809567929
2021-12-11 14:01:03.829 | INFO     | __main__:<module>:134 - train jaccard: 0.6130255614966154
2021-12-11 14:01:03.829 | INFO     | __main__:<module>:135 - val loss: 0.43210581640402473
2021-12-11 14:01:03.829 | INFO     | __main__:<module>:136 - val jaccard: 0.613350887298584
2021-12-11 14:01:03.830 | INFO     | utils:save_model_weights:62 - Saving weights to outputs/CCD.pt
2021-12-11 14:01:03.999 | INFO     | __main__:<module>:151 - Epoch 3 ended, time taken 01 min 29 sec

2021-12-11 14:02:33.198 | INFO     | __main__:<module>:133 - train loss: 0.5238470341265201
2021-12-11 14:02:33.199 | INFO     | __main__:<module>:134 - train jaccard: 0.6201544101536274
2021-12-11 14:02:33.200 | INFO     | __main__:<module>:135 - val loss: 0.5377230032285054
2021-12-11 14:02:33.200 | INFO     | __main__:<module>:136 - val jaccard: 0.594977035522461
2021-12-11 14:02:33.201 | INFO     | __main__:<module>:151 - Epoch 4 ended, time taken 01 min 29 sec

2021-12-11 14:04:02.094 | INFO     | __main__:<module>:133 - train loss: 0.47167624175548556
2021-12-11 14:04:02.095 | INFO     | __main__:<module>:134 - train jaccard: 0.6349519130587578
2021-12-11 14:04:02.095 | INFO     | __main__:<module>:135 - val loss: 0.46671975165605545
2021-12-11 14:04:02.096 | INFO     | __main__:<module>:136 - val jaccard: 0.6242401059468587
2021-12-11 14:04:02.097 | INFO     | __main__:<module>:151 - Epoch 5 ended, time taken 01 min 28 sec

2021-12-11 14:05:31.479 | INFO     | __main__:<module>:133 - train loss: 0.4836547451466322
2021-12-11 14:05:31.479 | INFO     | __main__:<module>:134 - train jaccard: 0.6245338018983603
2021-12-11 14:05:31.480 | INFO     | __main__:<module>:135 - val loss: 0.44881606082121533
2021-12-11 14:05:31.480 | INFO     | __main__:<module>:136 - val jaccard: 0.6238008689880371
2021-12-11 14:05:31.481 | INFO     | __main__:<module>:151 - Epoch 6 ended, time taken 01 min 29 sec

2021-12-11 14:07:01.608 | INFO     | __main__:<module>:133 - train loss: 0.4688761217147112
2021-12-11 14:07:01.608 | INFO     | __main__:<module>:134 - train jaccard: 0.6267054115235805
2021-12-11 14:07:01.609 | INFO     | __main__:<module>:135 - val loss: 0.4641545556982358
2021-12-11 14:07:01.609 | INFO     | __main__:<module>:136 - val jaccard: 0.6430860646565755
2021-12-11 14:07:01.610 | INFO     | __main__:<module>:151 - Epoch 7 ended, time taken 01 min 30 sec

2021-12-11 14:08:30.981 | INFO     | __main__:<module>:133 - train loss: 0.47609766766428946
2021-12-11 14:08:30.982 | INFO     | __main__:<module>:134 - train jaccard: 0.6139057430624962
2021-12-11 14:08:30.982 | INFO     | __main__:<module>:135 - val loss: 0.4191085920731227
2021-12-11 14:08:30.982 | INFO     | __main__:<module>:136 - val jaccard: 0.6201348241170247
2021-12-11 14:08:30.983 | INFO     | utils:save_model_weights:62 - Saving weights to outputs/CCD.pt
2021-12-11 14:08:31.191 | INFO     | __main__:<module>:151 - Epoch 8 ended, time taken 01 min 29 sec

2021-12-11 14:10:01.272 | INFO     | __main__:<module>:133 - train loss: 0.5003075224161148
2021-12-11 14:10:01.273 | INFO     | __main__:<module>:134 - train jaccard: 0.6264351939409971
2021-12-11 14:10:01.273 | INFO     | __main__:<module>:135 - val loss: 0.4797227277358373
2021-12-11 14:10:01.274 | INFO     | __main__:<module>:136 - val jaccard: 0.5944573402404785
2021-12-11 14:10:01.275 | INFO     | __main__:<module>:151 - Epoch 9 ended, time taken 01 min 30 sec

2021-12-11 14:11:31.098 | INFO     | __main__:<module>:133 - train loss: 0.4441223393380642
2021-12-11 14:11:31.099 | INFO     | __main__:<module>:134 - train jaccard: 0.6159417743235827
2021-12-11 14:11:31.099 | INFO     | __main__:<module>:135 - val loss: 0.4174686878919601
2021-12-11 14:11:31.099 | INFO     | __main__:<module>:136 - val jaccard: 0.6153972562154134
2021-12-11 14:11:31.100 | INFO     | utils:save_model_weights:62 - Saving weights to outputs/CCD.pt
2021-12-11 14:11:31.234 | INFO     | __main__:<module>:151 - Epoch 10 ended, time taken 01 min 29 sec

2021-12-11 14:13:00.942 | INFO     | __main__:<module>:133 - train loss: 0.44124715693295
2021-12-11 14:13:00.943 | INFO     | __main__:<module>:134 - train jaccard: 0.6289459405839444
2021-12-11 14:13:00.943 | INFO     | __main__:<module>:135 - val loss: 0.41808079610268273
2021-12-11 14:13:00.943 | INFO     | __main__:<module>:136 - val jaccard: 0.6399680201212565
2021-12-11 14:13:00.944 | INFO     | __main__:<module>:151 - Epoch 11 ended, time taken 01 min 29 sec

2021-12-11 14:14:30.624 | INFO     | __main__:<module>:133 - train loss: 0.4792619440704584
2021-12-11 14:14:30.625 | INFO     | __main__:<module>:134 - train jaccard: 0.6150527129322291
2021-12-11 14:14:30.626 | INFO     | __main__:<module>:135 - val loss: 0.4200089812278748
2021-12-11 14:14:30.626 | INFO     | __main__:<module>:136 - val jaccard: 0.6364493815104166
2021-12-11 14:14:30.627 | INFO     | __main__:<module>:151 - Epoch 12 ended, time taken 01 min 29 sec

2021-12-11 14:16:00.238 | INFO     | __main__:<module>:133 - train loss: 0.4441219501942396
2021-12-11 14:16:00.238 | INFO     | __main__:<module>:134 - train jaccard: 0.6431713312119246
2021-12-11 14:16:00.239 | INFO     | __main__:<module>:135 - val loss: 0.37542064130306246
2021-12-11 14:16:00.239 | INFO     | __main__:<module>:136 - val jaccard: 0.6103177452087403
2021-12-11 14:16:00.240 | INFO     | utils:save_model_weights:62 - Saving weights to outputs/CCD.pt
2021-12-11 14:16:00.368 | INFO     | __main__:<module>:151 - Epoch 13 ended, time taken 01 min 29 sec

2021-12-11 14:17:29.694 | INFO     | __main__:<module>:133 - train loss: 0.44022622413933277
2021-12-11 14:17:29.695 | INFO     | __main__:<module>:134 - train jaccard: 0.6149813832342624
2021-12-11 14:17:29.695 | INFO     | __main__:<module>:135 - val loss: 0.45398053477207817
2021-12-11 14:17:29.696 | INFO     | __main__:<module>:136 - val jaccard: 0.6010610262552897
2021-12-11 14:17:29.697 | INFO     | __main__:<module>:151 - Epoch 14 ended, time taken 01 min 29 sec

2021-12-11 14:18:59.688 | INFO     | __main__:<module>:133 - train loss: 0.44624439723789694
2021-12-11 14:18:59.689 | INFO     | __main__:<module>:134 - train jaccard: 0.6206066273152828
2021-12-11 14:18:59.690 | INFO     | __main__:<module>:135 - val loss: 0.436459505657355
2021-12-11 14:18:59.690 | INFO     | __main__:<module>:136 - val jaccard: 0.6123656527201334
2021-12-11 14:18:59.691 | INFO     | __main__:<module>:151 - Epoch 15 ended, time taken 01 min 29 sec

2021-12-11 14:20:29.908 | INFO     | __main__:<module>:133 - train loss: 0.42304760761559007
2021-12-11 14:20:29.909 | INFO     | __main__:<module>:134 - train jaccard: 0.6130254153907299
2021-12-11 14:20:29.909 | INFO     | __main__:<module>:135 - val loss: 0.4458241719007492
2021-12-11 14:20:29.910 | INFO     | __main__:<module>:136 - val jaccard: 0.6458476066589356
2021-12-11 14:20:29.911 | INFO     | __main__:<module>:151 - Epoch 16 ended, time taken 01 min 30 sec

2021-12-11 14:21:59.637 | INFO     | __main__:<module>:133 - train loss: 0.44006551124155524
2021-12-11 14:21:59.638 | INFO     | __main__:<module>:134 - train jaccard: 0.6283038011193276
2021-12-11 14:21:59.638 | INFO     | __main__:<module>:135 - val loss: 0.4282891043027242
2021-12-11 14:21:59.638 | INFO     | __main__:<module>:136 - val jaccard: 0.6365637524922689
2021-12-11 14:21:59.639 | INFO     | __main__:<module>:151 - Epoch 17 ended, time taken 01 min 29 sec

2021-12-11 14:23:29.233 | INFO     | __main__:<module>:133 - train loss: 0.41590379022061824
2021-12-11 14:23:29.234 | INFO     | __main__:<module>:134 - train jaccard: 0.6128170645236969
2021-12-11 14:23:29.234 | INFO     | __main__:<module>:135 - val loss: 0.3765786943833033
2021-12-11 14:23:29.235 | INFO     | __main__:<module>:136 - val jaccard: 0.6032613881429036
2021-12-11 14:23:29.236 | INFO     | __main__:<module>:151 - Epoch 18 ended, time taken 01 min 29 sec

2021-12-11 14:24:59.029 | INFO     | __main__:<module>:133 - train loss: 0.42906313069164753
2021-12-11 14:24:59.030 | INFO     | __main__:<module>:134 - train jaccard: 0.6285211401432753
2021-12-11 14:24:59.031 | INFO     | __main__:<module>:135 - val loss: 0.4928216862678528
2021-12-11 14:24:59.031 | INFO     | __main__:<module>:136 - val jaccard: 0.6030845832824707
2021-12-11 14:24:59.032 | INFO     | __main__:<module>:151 - Epoch 19 ended, time taken 01 min 29 sec

2021-12-11 14:26:28.707 | INFO     | __main__:<module>:133 - train loss: 0.4037259259074926
2021-12-11 14:26:28.708 | INFO     | __main__:<module>:134 - train jaccard: 0.6179103268682957
2021-12-11 14:26:28.708 | INFO     | __main__:<module>:135 - val loss: 0.4793245313564936
2021-12-11 14:26:28.708 | INFO     | __main__:<module>:136 - val jaccard: 0.6233240954081217
2021-12-11 14:26:28.709 | INFO     | __main__:<module>:151 - Epoch 20 ended, time taken 01 min 29 sec

2021-12-11 14:27:58.122 | INFO     | __main__:<module>:133 - train loss: 0.4392155222594738
2021-12-11 14:27:58.122 | INFO     | __main__:<module>:134 - train jaccard: 0.6222565372288227
2021-12-11 14:27:58.123 | INFO     | __main__:<module>:135 - val loss: 0.4201839417219162
2021-12-11 14:27:58.123 | INFO     | __main__:<module>:136 - val jaccard: 0.6330409304300944
2021-12-11 14:27:58.124 | INFO     | __main__:<module>:151 - Epoch 21 ended, time taken 01 min 29 sec

2021-12-11 14:29:28.191 | INFO     | __main__:<module>:133 - train loss: 0.43342239767313
2021-12-11 14:29:28.192 | INFO     | __main__:<module>:134 - train jaccard: 0.614565332531929
2021-12-11 14:29:28.193 | INFO     | __main__:<module>:135 - val loss: 0.3869247698783875
2021-12-11 14:29:28.193 | INFO     | __main__:<module>:136 - val jaccard: 0.6319149843851726
2021-12-11 14:29:28.194 | INFO     | __main__:<module>:151 - Epoch 22 ended, time taken 01 min 30 sec

2021-12-11 14:30:57.749 | INFO     | __main__:<module>:133 - train loss: 0.40036450922489164
2021-12-11 14:30:57.750 | INFO     | __main__:<module>:134 - train jaccard: 0.6234293891489506
2021-12-11 14:30:57.750 | INFO     | __main__:<module>:135 - val loss: 0.3770381361246109
2021-12-11 14:30:57.750 | INFO     | __main__:<module>:136 - val jaccard: 0.6108477719624837
2021-12-11 14:30:57.751 | INFO     | __main__:<module>:151 - Epoch 23 ended, time taken 01 min 29 sec

2021-12-11 14:32:27.757 | INFO     | __main__:<module>:133 - train loss: 0.43184120923280717
2021-12-11 14:32:27.758 | INFO     | __main__:<module>:134 - train jaccard: 0.6227961388230324
2021-12-11 14:32:27.758 | INFO     | __main__:<module>:135 - val loss: 0.450810429751873
2021-12-11 14:32:27.759 | INFO     | __main__:<module>:136 - val jaccard: 0.6046524365743001
2021-12-11 14:32:27.760 | INFO     | __main__:<module>:151 - Epoch 24 ended, time taken 01 min 30 sec

2021-12-11 14:33:57.879 | INFO     | __main__:<module>:133 - train loss: 0.3912580247223377
2021-12-11 14:33:57.879 | INFO     | __main__:<module>:134 - train jaccard: 0.6374609149992466
2021-12-11 14:33:57.880 | INFO     | __main__:<module>:135 - val loss: 0.41936610410610836
2021-12-11 14:33:57.880 | INFO     | __main__:<module>:136 - val jaccard: 0.6299644978841146
2021-12-11 14:33:57.881 | INFO     | __main__:<module>:151 - Epoch 25 ended, time taken 01 min 30 sec

2021-12-11 14:35:28.065 | INFO     | __main__:<module>:133 - train loss: 0.41883114326745274
2021-12-11 14:35:28.066 | INFO     | __main__:<module>:134 - train jaccard: 0.6119538989663124
2021-12-11 14:35:28.066 | INFO     | __main__:<module>:135 - val loss: 0.4284171046813329
2021-12-11 14:35:28.066 | INFO     | __main__:<module>:136 - val jaccard: 0.6276269467671712
2021-12-11 14:35:28.067 | INFO     | __main__:<module>:151 - Epoch 26 ended, time taken 01 min 30 sec

2021-12-11 14:36:57.507 | INFO     | __main__:<module>:133 - train loss: 0.41206715662032367
2021-12-11 14:36:57.508 | INFO     | __main__:<module>:134 - train jaccard: 0.6133636810630559
2021-12-11 14:36:57.508 | INFO     | __main__:<module>:135 - val loss: 0.41486639966567357
2021-12-11 14:36:57.508 | INFO     | __main__:<module>:136 - val jaccard: 0.6320488548278809
2021-12-11 14:36:57.510 | INFO     | __main__:<module>:151 - Epoch 27 ended, time taken 01 min 29 sec

2021-12-11 14:38:27.599 | INFO     | __main__:<module>:133 - train loss: 0.4255444473773241
2021-12-11 14:38:27.600 | INFO     | __main__:<module>:134 - train jaccard: 0.639566655755043
2021-12-11 14:38:27.600 | INFO     | __main__:<module>:135 - val loss: 0.33988806188106535
2021-12-11 14:38:27.600 | INFO     | __main__:<module>:136 - val jaccard: 0.6005804824829102
2021-12-11 14:38:27.601 | INFO     | utils:save_model_weights:62 - Saving weights to outputs/CCD.pt
2021-12-11 14:38:27.862 | INFO     | __main__:<module>:151 - Epoch 28 ended, time taken 01 min 30 sec

2021-12-11 14:39:58.006 | INFO     | __main__:<module>:133 - train loss: 0.391265180259943
2021-12-11 14:39:58.007 | INFO     | __main__:<module>:134 - train jaccard: 0.6240280169248581
2021-12-11 14:39:58.007 | INFO     | __main__:<module>:135 - val loss: 0.43230796585480374
2021-12-11 14:39:58.007 | INFO     | __main__:<module>:136 - val jaccard: 0.6062343215942383
2021-12-11 14:39:58.008 | INFO     | __main__:<module>:151 - Epoch 29 ended, time taken 01 min 30 sec

2021-12-11 14:41:27.453 | INFO     | __main__:<module>:133 - train loss: 0.35948400139808656
2021-12-11 14:41:27.454 | INFO     | __main__:<module>:134 - train jaccard: 0.6152504117786884
2021-12-11 14:41:27.454 | INFO     | __main__:<module>:135 - val loss: 0.34710152039925257
2021-12-11 14:41:27.454 | INFO     | __main__:<module>:136 - val jaccard: 0.635446891784668
2021-12-11 14:41:27.455 | INFO     | __main__:<module>:151 - Epoch 30 ended, time taken 01 min 29 sec

2021-12-11 14:42:57.449 | INFO     | __main__:<module>:133 - train loss: 0.33761438343673944
2021-12-11 14:42:57.450 | INFO     | __main__:<module>:134 - train jaccard: 0.6228593304753304
2021-12-11 14:42:57.450 | INFO     | __main__:<module>:135 - val loss: 0.3984194205204646
2021-12-11 14:42:57.450 | INFO     | __main__:<module>:136 - val jaccard: 0.6307914924621582
2021-12-11 14:42:57.451 | INFO     | __main__:<module>:151 - Epoch 31 ended, time taken 01 min 29 sec

2021-12-11 14:44:27.083 | INFO     | __main__:<module>:133 - train loss: 0.39474460944533346
2021-12-11 14:44:27.083 | INFO     | __main__:<module>:134 - train jaccard: 0.6192181585729122
2021-12-11 14:44:27.084 | INFO     | __main__:<module>:135 - val loss: 0.35655731449524564
2021-12-11 14:44:27.084 | INFO     | __main__:<module>:136 - val jaccard: 0.6222621917724609
2021-12-11 14:44:27.085 | INFO     | __main__:<module>:151 - Epoch 32 ended, time taken 01 min 29 sec

2021-12-11 14:45:57.126 | INFO     | __main__:<module>:133 - train loss: 0.4044182217493653
2021-12-11 14:45:57.127 | INFO     | __main__:<module>:134 - train jaccard: 0.628461051248014
2021-12-11 14:45:57.127 | INFO     | __main__:<module>:135 - val loss: 0.34656336655219394
2021-12-11 14:45:57.127 | INFO     | __main__:<module>:136 - val jaccard: 0.6040879948933919
2021-12-11 14:45:57.128 | INFO     | __main__:<module>:151 - Epoch 33 ended, time taken 01 min 30 sec

2021-12-11 14:47:27.805 | INFO     | __main__:<module>:133 - train loss: 0.36113354422152044
2021-12-11 14:47:27.806 | INFO     | __main__:<module>:134 - train jaccard: 0.6143990185856819
2021-12-11 14:47:27.806 | INFO     | __main__:<module>:135 - val loss: 0.41658716460069023
2021-12-11 14:47:27.807 | INFO     | __main__:<module>:136 - val jaccard: 0.6127950922648112
2021-12-11 14:47:27.808 | INFO     | __main__:<module>:151 - Epoch 34 ended, time taken 01 min 30 sec

2021-12-11 14:48:57.744 | INFO     | __main__:<module>:133 - train loss: 0.36583212308585644
2021-12-11 14:48:57.745 | INFO     | __main__:<module>:134 - train jaccard: 0.623700056746602
2021-12-11 14:48:57.745 | INFO     | __main__:<module>:135 - val loss: 0.3638471923271815
2021-12-11 14:48:57.745 | INFO     | __main__:<module>:136 - val jaccard: 0.6322198422749837
2021-12-11 14:48:57.746 | INFO     | __main__:<module>:151 - Epoch 35 ended, time taken 01 min 29 sec

2021-12-11 14:50:27.389 | INFO     | __main__:<module>:133 - train loss: 0.373114584684372
2021-12-11 14:50:27.390 | INFO     | __main__:<module>:134 - train jaccard: 0.6198460757732391
2021-12-11 14:50:27.390 | INFO     | __main__:<module>:135 - val loss: 0.3628432498375575
2021-12-11 14:50:27.391 | INFO     | __main__:<module>:136 - val jaccard: 0.6350148328145345
2021-12-11 14:50:27.392 | INFO     | __main__:<module>:151 - Epoch 36 ended, time taken 01 min 29 sec

2021-12-11 14:51:57.398 | INFO     | __main__:<module>:133 - train loss: 0.3600391342490912
2021-12-11 14:51:57.398 | INFO     | __main__:<module>:134 - train jaccard: 0.6281333976984024
2021-12-11 14:51:57.399 | INFO     | __main__:<module>:135 - val loss: 0.33922447234392167
2021-12-11 14:51:57.399 | INFO     | __main__:<module>:136 - val jaccard: 0.6149501609802246
2021-12-11 14:51:57.400 | INFO     | utils:save_model_weights:62 - Saving weights to outputs/CCD.pt
2021-12-11 14:51:57.576 | INFO     | __main__:<module>:151 - Epoch 37 ended, time taken 01 min 30 sec

2021-12-11 14:53:28.441 | INFO     | __main__:<module>:133 - train loss: 0.3951977590471506
2021-12-11 14:53:28.442 | INFO     | __main__:<module>:134 - train jaccard: 0.6169430398195982
2021-12-11 14:53:28.443 | INFO     | __main__:<module>:135 - val loss: 0.362343024512132
2021-12-11 14:53:28.443 | INFO     | __main__:<module>:136 - val jaccard: 0.6028443272908529
2021-12-11 14:53:28.444 | INFO     | __main__:<module>:151 - Epoch 38 ended, time taken 01 min 30 sec

2021-12-11 14:54:58.798 | INFO     | __main__:<module>:133 - train loss: 0.3767779653891921
2021-12-11 14:54:58.799 | INFO     | __main__:<module>:134 - train jaccard: 0.6272961609065533
2021-12-11 14:54:58.799 | INFO     | __main__:<module>:135 - val loss: 0.39945004393657046
2021-12-11 14:54:58.799 | INFO     | __main__:<module>:136 - val jaccard: 0.6187655194600423
2021-12-11 14:54:58.801 | INFO     | __main__:<module>:151 - Epoch 39 ended, time taken 01 min 30 sec

2021-12-11 14:56:28.971 | INFO     | __main__:<module>:133 - train loss: 0.35684361178427937
2021-12-11 14:56:28.972 | INFO     | __main__:<module>:134 - train jaccard: 0.6250619666278362
2021-12-11 14:56:28.972 | INFO     | __main__:<module>:135 - val loss: 0.3712751691540082
2021-12-11 14:56:28.972 | INFO     | __main__:<module>:136 - val jaccard: 0.6363225746154785
2021-12-11 14:56:28.973 | INFO     | __main__:<module>:151 - Epoch 40 ended, time taken 01 min 30 sec

2021-12-11 14:57:59.043 | INFO     | __main__:<module>:133 - train loss: 0.39290774911642073
2021-12-11 14:57:59.044 | INFO     | __main__:<module>:134 - train jaccard: 0.6063270864635706
2021-12-11 14:57:59.044 | INFO     | __main__:<module>:135 - val loss: 0.34606504370768865
2021-12-11 14:57:59.045 | INFO     | __main__:<module>:136 - val jaccard: 0.6347077242533365
2021-12-11 14:57:59.046 | INFO     | __main__:<module>:151 - Epoch 41 ended, time taken 01 min 30 sec

2021-12-11 14:59:28.683 | INFO     | __main__:<module>:133 - train loss: 0.3878970313072205
2021-12-11 14:59:28.684 | INFO     | __main__:<module>:134 - train jaccard: 0.6171649347245693
2021-12-11 14:59:28.684 | INFO     | __main__:<module>:135 - val loss: 0.33589325775702794
2021-12-11 14:59:28.685 | INFO     | __main__:<module>:136 - val jaccard: 0.6101554807027181
2021-12-11 14:59:28.686 | INFO     | utils:save_model_weights:62 - Saving weights to outputs/CCD.pt
2021-12-11 14:59:28.883 | INFO     | __main__:<module>:151 - Epoch 42 ended, time taken 01 min 29 sec

2021-12-11 15:00:58.395 | INFO     | __main__:<module>:133 - train loss: 0.3484902580082416
2021-12-11 15:00:58.396 | INFO     | __main__:<module>:134 - train jaccard: 0.6367659088969231
2021-12-11 15:00:58.396 | INFO     | __main__:<module>:135 - val loss: 0.3853675928711891
2021-12-11 15:00:58.396 | INFO     | __main__:<module>:136 - val jaccard: 0.596429131825765
2021-12-11 15:00:58.397 | INFO     | __main__:<module>:151 - Epoch 43 ended, time taken 01 min 29 sec

2021-12-11 15:02:29.212 | INFO     | __main__:<module>:133 - train loss: 0.37776776634156706
2021-12-11 15:02:29.213 | INFO     | __main__:<module>:134 - train jaccard: 0.619375996440649
2021-12-11 15:02:29.214 | INFO     | __main__:<module>:135 - val loss: 0.38535052667061487
2021-12-11 15:02:29.214 | INFO     | __main__:<module>:136 - val jaccard: 0.6261957359313964
2021-12-11 15:02:29.216 | INFO     | __main__:<module>:151 - Epoch 44 ended, time taken 01 min 30 sec

2021-12-11 15:03:59.784 | INFO     | __main__:<module>:133 - train loss: 0.38174844086170195
2021-12-11 15:03:59.785 | INFO     | __main__:<module>:134 - train jaccard: 0.612683506757021
2021-12-11 15:03:59.785 | INFO     | __main__:<module>:135 - val loss: 0.3795462408661842
2021-12-11 15:03:59.786 | INFO     | __main__:<module>:136 - val jaccard: 0.6341995938618978
2021-12-11 15:03:59.787 | INFO     | __main__:<module>:151 - Epoch 45 ended, time taken 01 min 30 sec

2021-12-11 15:05:29.840 | INFO     | __main__:<module>:133 - train loss: 0.37375618118792775
2021-12-11 15:05:29.841 | INFO     | __main__:<module>:134 - train jaccard: 0.6213752320408821
2021-12-11 15:05:29.841 | INFO     | __main__:<module>:135 - val loss: 0.37590007970730466
2021-12-11 15:05:29.841 | INFO     | __main__:<module>:136 - val jaccard: 0.6333014869689941
2021-12-11 15:05:29.842 | INFO     | __main__:<module>:151 - Epoch 46 ended, time taken 01 min 30 sec

2021-12-11 15:07:00.308 | INFO     | __main__:<module>:133 - train loss: 0.3569671931117773
2021-12-11 15:07:00.309 | INFO     | __main__:<module>:134 - train jaccard: 0.6148456872999668
2021-12-11 15:07:00.309 | INFO     | __main__:<module>:135 - val loss: 0.32225938826799394
2021-12-11 15:07:00.309 | INFO     | __main__:<module>:136 - val jaccard: 0.6167812840143839
2021-12-11 15:07:00.310 | INFO     | utils:save_model_weights:62 - Saving weights to outputs/CCD.pt
2021-12-11 15:07:00.464 | INFO     | __main__:<module>:151 - Epoch 47 ended, time taken 01 min 30 sec

2021-12-11 15:08:31.055 | INFO     | __main__:<module>:133 - train loss: 0.3547466086223722
2021-12-11 15:08:31.056 | INFO     | __main__:<module>:134 - train jaccard: 0.6238431037217379
2021-12-11 15:08:31.057 | INFO     | __main__:<module>:135 - val loss: 0.3957002676526705
2021-12-11 15:08:31.057 | INFO     | __main__:<module>:136 - val jaccard: 0.5958973693847657
2021-12-11 15:08:31.058 | INFO     | __main__:<module>:151 - Epoch 48 ended, time taken 01 min 30 sec

2021-12-11 15:10:00.936 | INFO     | __main__:<module>:133 - train loss: 0.3934048143774271
2021-12-11 15:10:00.937 | INFO     | __main__:<module>:134 - train jaccard: 0.6336445583403111
2021-12-11 15:10:00.937 | INFO     | __main__:<module>:135 - val loss: 0.3951473383108775
2021-12-11 15:10:00.938 | INFO     | __main__:<module>:136 - val jaccard: 0.6262972640991211
2021-12-11 15:10:00.939 | INFO     | __main__:<module>:151 - Epoch 49 ended, time taken 01 min 29 sec

